<?xml version="1.0" encoding="UTF-8"?>
<!-- Generated by org.testng.reporters.JUnitReportReporter -->
<testsuite skipped="0" hostname="del1-lhp-n65327" name="pages.html_pageTest" tests="11" failures="0" timestamp="11 Aug 2019 09:56:28 GMT" time="2.672" errors="0">
  <testcase name="s" time="0.247" classname="pages.html_pageTest"/>
  <testcase name="s1" time="0.080" classname="pages.html_pageTest"/>
  <testcase name="f" time="1.240" classname="pages.html_pageTest"/>
  <testcase name="f1" time="0.200" classname="pages.html_pageTest"/>
  <testcase name="f2" time="0.101" classname="pages.html_pageTest"/>
  <testcase name="f3" time="0.102" classname="pages.html_pageTest"/>
  <testcase name="f4" time="0.074" classname="pages.html_pageTest"/>
  <testcase name="f5" time="0.190" classname="pages.html_pageTest"/>
  <testcase name="f6" time="0.152" classname="pages.html_pageTest"/>
  <testcase name="f7" time="0.152" classname="pages.html_pageTest"/>
  <testcase name="f8" time="0.134" classname="pages.html_pageTest"/>
</testsuite> <!-- pages.html_pageTest -->
