<?xml version="1.0" encoding="UTF-8"?>
<!-- Generated by org.testng.reporters.JUnitReportReporter -->
<testsuite skipped="0" hostname="del1-lhp-n65327" name="pages.pages.html_pageTest" tests="11" failures="0" timestamp="11 Aug 2019 09:23:39 GMT" time="1.954" errors="0">
  <testcase name="s" time="0.089" classname="pages.pages.html_pageTest"/>
  <testcase name="s1" time="0.055" classname="pages.pages.html_pageTest"/>
  <testcase name="f" time="0.877" classname="pages.pages.html_pageTest"/>
  <testcase name="f1" time="0.108" classname="pages.pages.html_pageTest"/>
  <testcase name="f2" time="0.088" classname="pages.pages.html_pageTest"/>
  <testcase name="f3" time="0.085" classname="pages.pages.html_pageTest"/>
  <testcase name="f4" time="0.084" classname="pages.pages.html_pageTest"/>
  <testcase name="f5" time="0.165" classname="pages.pages.html_pageTest"/>
  <testcase name="f6" time="0.136" classname="pages.pages.html_pageTest"/>
  <testcase name="f7" time="0.135" classname="pages.pages.html_pageTest"/>
  <testcase name="f8" time="0.132" classname="pages.pages.html_pageTest"/>
</testsuite> <!-- pages.pages.html_pageTest -->
